-------------------------------------------------------------------------------
Test set: com.todo.note.ToDoApplicationTests
-------------------------------------------------------------------------------
Tests run: 1, Failures: 0, Errors: 1, Skipped: 0, Time elapsed: 17.088 s <<< FAILURE! - in com.todo.note.ToDoApplicationTests
contextLoads(com.todo.note.ToDoApplicationTests)  Time elapsed: 0.006 s  <<< ERROR!
java.lang.IllegalStateException: Failed to load ApplicationContext
Caused by: org.springframework.context.ApplicationContextException: Failed to start bean 'org.springframework.amqp.rabbit.config.internalRabbitListenerEndpointRegistry'; nested exception is org.springframework.amqp.AmqpIllegalStateException: Fatal exception on listener startup
Caused by: org.springframework.amqp.AmqpIllegalStateException: Fatal exception on listener startup
Caused by: org.springframework.amqp.rabbit.listener.exception.FatalListenerStartupException: Mismatched queues
Caused by: org.springframework.amqp.AmqpIOException: java.io.IOException
Caused by: java.io.IOException
Caused by: com.rabbitmq.client.ShutdownSignalException: channel error; protocol method: #method<channel.close>(reply-code=406, reply-text=PRECONDITION_FAILED - inequivalent arg 'durable' for queue 'jsa.queue' in vhost '/': received 'false' but current is 'true', class-id=50, method-id=10)
Caused by: com.rabbitmq.client.ShutdownSignalException: channel error; protocol method: #method<channel.close>(reply-code=406, reply-text=PRECONDITION_FAILED - inequivalent arg 'durable' for queue 'jsa.queue' in vhost '/': received 'false' but current is 'true', class-id=50, method-id=10)

