<?xml version="1.0" encoding="UTF-8"?>
<testsuite xmlns:xsi="http://www.w3.org/2001/XMLSchema-instance" xsi:noNamespaceSchemaLocation="https://maven.apache.org/surefire/maven-surefire-plugin/xsd/surefire-test-report.xsd" name="com.todo.note.userservicetest.UserControllerTest" time="8.697" tests="2" errors="0" skipped="0" failures="1">
  <properties>
[...]
</properties>
  <testcase name="RegistrationTest" classname="com.todo.note.userservicetest.UserControllerTest" time="0.236"/>
  <testcase name="forgotPasswordTest" classname="com.todo.note.userservicetest.UserControllerTest" time="0.123">
    <failure message="JSON path &quot;$.message&quot; expected:&lt;link to set your password has been sent successfully&gt; but was:&lt;user with this email id does not exist&gt;" type="java.lang.AssertionError"><![CDATA[java.lang.AssertionError: JSON path "$.message" expected:<link to set your password has been sent successfully> but was:<user with this email id does not exist>
	at com.todo.note.userservicetest.UserControllerTest.forgotPasswordTest(UserControllerTest.java:66)
]]></failure>
    <system-out><![CDATA[2018-08-01 15:16:41.034  INFO 3416 --- [           main] o.s.b.t.m.w.SpringBootMockServletContext : Initializing Spring FrameworkServlet ''
2018-08-01 15:16:41.035  INFO 3416 --- [           main] o.s.t.web.servlet.TestDispatcherServlet  : FrameworkServlet '': initialization started
2018-08-01 15:16:41.041  INFO 3416 --- [           main] o.s.t.web.servlet.TestDispatcherServlet  : FrameworkServlet '': initialization completed in 4 ms
2018-08-01 15:16:41.127  INFO 3416 --- [           main] org.mongodb.driver.connection            : Opened connection [connectionId{localValue:2, serverValue:32}] to localhost:27017
]]></system-out>
  </testcase>
</testsuite>